<?xml version="1.0" encoding="utf-8"?><testsuites name="pytest tests"><testsuite name="pytest" errors="0" failures="0" skipped="0" tests="3" time="13.341" timestamp="2025-07-19T13:23:00.640459+02:00" hostname="ptisnovs-thinkpadt14gen3.brq.csb"><testcase classname="tests.integration.test_configuration" name="test_default_configuration" time="0.005" /><testcase classname="tests.integration.test_configuration" name="test_loading_proper_configuration" time="0.009" /><testcase classname="tests.integration.test_version" name="test_version_handling" time="12.528" /></testsuite></testsuites>